This is pdfTeX, Version 3.141592653-2.6-1.40.27 (MiKTeX 25.4) (preloaded format=pdflatex 2025.9.22)  24 DEC 2025 16:07
entering extended mode
 restricted \write18 enabled.
 %&-line parsing enabled.
**./main.tex
(main.tex
LaTeX2e <2025-06-01> patch level 1
L3 programming layer <2025-09-02>
(C:\Users\esper\AppData\Local\Programs\MiKTeX\tex/latex/base\article.cls
Document Class: article 2025/01/22 v1.4n Standard LaTeX document class
(C:\Users\esper\AppData\Local\Programs\MiKTeX\tex/latex/base\size11.clo
File: size11.clo 2025/01/22 v1.4n Standard LaTeX file (size option)
)
\c@part=\count275
\c@section=\count276
\c@subsection=\count277
\c@subsubsection=\count278
\c@paragraph=\count279
\c@subparagraph=\count280
\c@figure=\count281
\c@table=\count282
\abovecaptionskip=\skip49
\belowcaptionskip=\skip50
\bibindent=\dimen148
)
(C:\Users\esper\AppData\Local\Programs\MiKTeX\tex/latex/classicthesis\classicth
esis.sty
Package: classicthesis 2025/02/02 v4.8 Typographic style for a classic-looking 
thesis

(C:\Users\esper\AppData\Local\Programs\MiKTeX\tex/latex/base\ifthen.sty
Package: ifthen 2024/03/16 v1.1e Standard LaTeX ifthen package (DPC)
)
(C:\Users\esper\AppData\Local\Programs\MiKTeX\tex/latex/kvoptions\kvoptions.sty
Package: kvoptions 2022-06-15 v3.15 Key value format for package options (HO)
(C:\Users\esper\AppData\Local\Programs\MiKTeX\tex/latex/graphics\keyval.sty
Package: keyval 2022/05/29 v1.15 key=value parser (DPC)
\KV@toks@=\toks17
)
(C:\Users\esper\AppData\Local\Programs\MiKTeX\tex/generic/ltxcmds\ltxcmds.sty
Package: ltxcmds 2023-12-04 v1.26 LaTeX kernel commands for general use (HO)
)
(C:\Users\esper\AppData\Local\Programs\MiKTeX\tex/latex/kvsetkeys\kvsetkeys.sty
Package: kvsetkeys 2022-10-05 v1.19 Key value parser (HO)
))

Package classicthesis Warning: Chapter sectioning command not present in this d
ocument class. Deactivating options floatperchapter, manychapters, listsseparat
ed, eulerchapternumbers.

(C:\Users\esper\AppData\Local\Programs\MiKTeX\tex/generic/iftex\ifpdf.sty
Package: ifpdf 2019/10/25 v3.4 ifpdf legacy package. Use iftex instead.

(C:\Users\esper\AppData\Local\Programs\MiKTeX\tex/generic/iftex\iftex.sty
Package: iftex 2024/12/12 v1.0g TeX engine tests
))
(C:\Users\esper\AppData\Local\Programs\MiKTeX\tex/generic/iftex\ifxetex.sty
Package: ifxetex 2019/10/25 v0.7 ifxetex legacy package. Use iftex instead.
)
(C:\Users\esper\AppData\Local\Programs\MiKTeX\tex/generic/iftex\ifluatex.sty
Package: ifluatex 2019/10/25 v1.5 ifluatex legacy package. Use iftex instead.
)
(C:\Users\esper\AppData\Local\Programs\MiKTeX\tex/latex/xcolor\xcolor.sty
Package: xcolor 2024/09/29 v3.02 LaTeX color extensions (UK)

(C:\Users\esper\AppData\Local\Programs\MiKTeX\tex/latex/graphics-cfg\color.cfg
File: color.cfg 2016/01/02 v1.6 sample color configuration
)
Package xcolor Info: Driver file: pdftex.def on input line 274.

(C:\Users\esper\AppData\Local\Programs\MiKTeX\tex/latex/graphics-def\pdftex.def
File: pdftex.def 2024/04/13 v1.2c Graphics/color driver for pdftex
)
(C:\Users\esper\AppData\Local\Programs\MiKTeX\tex/latex/graphics\mathcolor.ltx)
Package xcolor Info: Model `cmy' substituted by `cmy0' on input line 1349.
Package xcolor Info: Model `hsb' substituted by `rgb' on input line 1353.
Package xcolor Info: Model `RGB' extended on input line 1365.
Package xcolor Info: Model `HTML' substituted by `rgb' on input line 1367.
Package xcolor Info: Model `Hsb' substituted by `hsb' on input line 1368.
Package xcolor Info: Model `tHsb' substituted by `hsb' on input line 1369.
Package xcolor Info: Model `HSB' substituted by `hsb' on input line 1370.
Package xcolor Info: Model `Gray' substituted by `gray' on input line 1371.
Package xcolor Info: Model `wave' substituted by `hsb' on input line 1372.
) (C:\Users\esper\AppData\Local\Programs\MiKTeX\tex/latex/graphics\dvipsnam.def
File: dvipsnam.def 2016/06/17 v3.0m Driver-dependent file (DPC,SPQR)
) (C:\Users\esper\AppData\Local\Programs\MiKTeX\tex/latex/psnfss\mathpazo.sty
Package: mathpazo 2020/03/25 PSNFSS-v9.3 Palatino w/ Pazo Math (D.Puga, WaS) 
\symupright=\mathgroup4
)
(C:\Users\esper\AppData\Local\Programs\MiKTeX\tex/latex/bera\beramono.sty
Package: beramono 2004/01/31 (WaS)
)
LaTeX Font Info:    Trying to load font information for T1+pplj on input line 2
36.

(C:\Users\esper\AppData\Local\Programs\MiKTeX\tex/latex/psnfss\t1pplj.fd
File: t1pplj.fd 2004/09/06 font definitions for T1/pplj.
)
(C:\Users\esper\AppData\Local\Programs\MiKTeX\tex/latex/microtype\microtype.sty
Package: microtype 2025/07/09 v3.2b Micro-typographical refinements (RS)
(C:\Users\esper\AppData\Local\Programs\MiKTeX\tex/latex/etoolbox\etoolbox.sty
Package: etoolbox 2025/02/11 v2.5l e-TeX tools for LaTeX (JAW)
\etb@tempcnta=\count283
)
\MT@toks=\toks18
\MT@tempbox=\box53
\MT@count=\count284
LaTeX Info: Redefining \noprotrusionifhmode on input line 1087.
LaTeX Info: Redefining \leftprotrusion on input line 1088.
\MT@prot@toks=\toks19
LaTeX Info: Redefining \rightprotrusion on input line 1107.
LaTeX Info: Redefining \textls on input line 1449.
\MT@outer@kern=\dimen149
LaTeX Info: Redefining \microtypecontext on input line 2053.
LaTeX Info: Redefining \textmicrotypecontext on input line 2070.
\MT@listname@count=\count285

(C:\Users\esper\AppData\Local\Programs\MiKTeX\tex/latex/microtype\microtype-pdf
tex.def
File: microtype-pdftex.def 2025/07/09 v3.2b Definitions specific to pdftex (RS)

LaTeX Info: Redefining \lsstyle on input line 944.
LaTeX Info: Redefining \lslig on input line 944.
\MT@outer@space=\skip51
)
Package microtype Info: Loading configuration file microtype.cfg.

(C:\Users\esper\AppData\Local\Programs\MiKTeX\tex/latex/microtype\microtype.cfg
File: microtype.cfg 2025/07/09 v3.2b microtype main configuration file (RS)
)
LaTeX Info: Redefining \microtypesetup on input line 3065.
)
(C:\Users\esper\AppData\Local\Programs\MiKTeX\tex/latex/koma-script\typearea.st
y
Package: typearea 2025/09/09 v3.48 KOMA-Script package (type area)

(C:\Users\esper\AppData\Local\Programs\MiKTeX\tex/latex/koma-script\scrkbase.st
y
Package: scrkbase 2025/09/09 v3.48 KOMA-Script package (KOMA-Script-dependent b
asics and keyval usage)

(C:\Users\esper\AppData\Local\Programs\MiKTeX\tex/latex/koma-script\scrbase.sty
Package: scrbase 2025/09/09 v3.48 KOMA-Script package (KOMA-Script-independent 
basics and keyval usage)

(C:\Users\esper\AppData\Local\Programs\MiKTeX\tex/latex/koma-script\scrlfile.st
y
Package: scrlfile 2025/09/09 v3.48 KOMA-Script package (file load hooks)

(C:\Users\esper\AppData\Local\Programs\MiKTeX\tex/latex/koma-script\scrlfile-ho
ok.sty
Package: scrlfile-hook 2025/09/09 v3.48 KOMA-Script package (using LaTeX hooks)


(C:\Users\esper\AppData\Local\Programs\MiKTeX\tex/latex/koma-script\scrlogo.sty
Package: scrlogo 2025/09/09 v3.48 KOMA-Script package (logo)
)))
Applying: [2021/05/01] Usage of raw or classic option list on input line 254.
Already applied: [0000/00/00] Usage of raw or classic option list on input line
 370.
))
\ta@bcor=\skip52
\ta@div=\count286
Package typearea Info: You've used standard option `a4paper'.
(typearea)             This is correct!
(typearea)             Internally I'm using `paper=a4'.
(typearea)             If you'd like to set the option with \KOMAoptions,
(typearea)             you'd have to use `paper=a4' there
(typearea)             instead of `a4paper', too.
\ta@hblk=\skip53
\ta@vblk=\skip54
\ta@temp=\skip55
\footheight=\skip56
LaTeX Font Info:    Trying to load font information for OT1+pplj on input line 
1807.
 (C:\Users\esper\AppData\Local\Programs\MiKTeX\tex/latex/psnfss\ot1pplj.fd
File: ot1pplj.fd 2004/09/06 font definitions for OT1/pplj.
)
Package typearea Info: These are the values describing the layout:
(typearea)             DIV  = 10
(typearea)             BCOR = 0.0pt
(typearea)             \paperwidth      = 597.50793pt
(typearea)              \textwidth      = 418.25555pt
(typearea)              DIV departure   = -2%
(typearea)              \evensidemargin = 17.3562pt
(typearea)              \oddsidemargin  = 17.3562pt
(typearea)             \paperheight     = 845.04694pt
(typearea)              \textheight     = 510.80156pt
(typearea)              \topmargin      = 12.2347pt
(typearea)              \headheight     = 17.85005pt
(typearea)              \headsep        = 21.42006pt
(typearea)              \topskip        = 11.0pt
(typearea)              \footskip       = 49.98015pt
(typearea)              \baselineskip   = 14.28004pt
(typearea)              on input line 1807.
)
Package classicthesis Info: A4 paper, Palatino or other on input line 280.
Package typearea Info: These are the values describing the layout:
(typearea)             DIV  = areaset
(typearea)             BCOR = 0.0pt
(typearea)             \paperwidth      = 597.50793pt
(typearea)              \textwidth      = 336.0pt
(typearea)              \evensidemargin = 58.48398pt
(typearea)              \oddsidemargin  = 58.48398pt
(typearea)             \paperheight     = 845.04694pt
(typearea)              \textheight     = 662.6498pt
(typearea)              \topmargin      = -40.58768pt
(typearea)              \headheight     = 15.95pt
(typearea)              \headsep        = 21.42006pt
(typearea)              \topskip        = 11.0pt
(typearea)              \footskip       = 49.98015pt
(typearea)              \baselineskip   = 14.28004pt
(typearea)              on input line 280.

(C:\Users\esper\AppData\Local\Programs\MiKTeX\tex/latex/mparhack\mparhack.sty
Package: mparhack 2021-05-02 v1.5 (T. Sgouros and S. Ulrich)
)
(C:\Users\esper\AppData\Local\Programs\MiKTeX\tex/latex/booktabs\booktabs.sty
Package: booktabs 2020/01/12 v1.61803398 Publication quality tables
\heavyrulewidth=\dimen150
\lightrulewidth=\dimen151
\cmidrulewidth=\dimen152
\belowrulesep=\dimen153
\belowbottomsep=\dimen154
\aboverulesep=\dimen155
\abovetopsep=\dimen156
\cmidrulesep=\dimen157
\cmidrulekern=\dimen158
\defaultaddspace=\dimen159
\@cmidla=\count287
\@cmidlb=\count288
\@aboverulesep=\dimen160
\@belowrulesep=\dimen161
\@thisruleclass=\count289
\@lastruleclass=\count290
\@thisrulewidth=\dimen162
)
(C:\Users\esper\AppData\Local\Programs\MiKTeX\tex/latex/textcase\textcase.sty
Package: textcase 2025/02/16 v1.05 Text only upper/lower case changing (DPC)
Package textcase Info: Defining Legacy names on input line 20.
)
Package classicthesis Info: Using microtype for character spacing.Make sure you
r pdflatex is version 1.40 or higher. on input line 351.

(C:\Users\esper\AppData\Local\Programs\MiKTeX\tex/latex/koma-script\scrlayer-sc
rpage.sty
Package: scrlayer-scrpage 2025/09/09 v3.48 KOMA-Script package (end user interf
ace for scrlayer)

(C:\Users\esper\AppData\Local\Programs\MiKTeX\tex/latex/koma-script\scrlayer.st
y
Package: scrlayer 2025/09/09 v3.48 KOMA-Script package (defining layers and pag
e styles)
Package scrlayer Info: patching LaTeX kernel macro \pagestyle on input line 217
9.
))
(C:\Users\esper\AppData\Local\Programs\MiKTeX\tex/latex/titlesec\titlesec.sty
Package: titlesec 2025/01/04 v2.17 Sectioning titles
\ttl@box=\box54
\beforetitleunit=\skip57
\aftertitleunit=\skip58
\ttl@plus=\dimen163
\ttl@minus=\dimen164
\ttl@toksa=\toks20
\titlewidth=\dimen165
\titlewidthlast=\dimen166
\titlewidthfirst=\dimen167
)
(C:\Users\esper\AppData\Local\Programs\MiKTeX\tex/latex/tocloft\tocloft.sty
Package: tocloft 2017/08/31 v2.3i parameterised ToC, etc., typesetting
Package tocloft Info: The document has section divisions on input line 51.
\cftparskip=\skip59
\cftbeforetoctitleskip=\skip60
\cftaftertoctitleskip=\skip61
\cftbeforepartskip=\skip62
\cftpartnumwidth=\skip63
\cftpartindent=\skip64
\cftbeforesecskip=\skip65
\cftsecindent=\skip66
\cftsecnumwidth=\skip67
\cftbeforesubsecskip=\skip68
\cftsubsecindent=\skip69
\cftsubsecnumwidth=\skip70
\cftbeforesubsubsecskip=\skip71
\cftsubsubsecindent=\skip72
\cftsubsubsecnumwidth=\skip73
\cftbeforeparaskip=\skip74
\cftparaindent=\skip75
\cftparanumwidth=\skip76
\cftbeforesubparaskip=\skip77
\cftsubparaindent=\skip78
\cftsubparanumwidth=\skip79
\cftbeforeloftitleskip=\skip80
\cftafterloftitleskip=\skip81
\cftbeforefigskip=\skip82
\cftfigindent=\skip83
\cftfignumwidth=\skip84
\c@lofdepth=\count291
\c@lotdepth=\count292
\cftbeforelottitleskip=\skip85
\cftafterlottitleskip=\skip86
\cftbeforetabskip=\skip87
\cfttabindent=\skip88
\cfttabnumwidth=\skip89
)
\newnumberwidth=\skip90
\beforebibskip=\skip91
\newchnumberwidth=\skip92
\figurelabelwidth=\skip93
\tablelabelwidth=\skip94

(C:\Users\esper\AppData\Local\Programs\MiKTeX\tex/latex/footmisc\footmisc.sty
Package: footmisc 2025/05/09 v7.0b a miscellany of footnote facilities
\FN@temptoken=\toks21
\footnotemargin=\dimen168
Package footmisc Info: Declaring symbol style bringhurst on input line 549.
Package footmisc Info: Declaring symbol style chicago on input line 557.
Package footmisc Info: Declaring symbol style wiley on input line 566.
Package footmisc Info: Declaring symbol style lamport-robust on input line 577.

Package footmisc Info: Declaring symbol style lamport* on input line 597.
Package footmisc Info: Declaring symbol style lamport*-robust on input line 618
.
)

Package classicthesis Warning: Using package "footmisc" with option "marginal" 
for footnote setup (not 100\% the same as with KOMA).


(C:\Users\esper\AppData\Local\Programs\MiKTeX\tex/latex/koma-script\scrtime.sty
Package: scrtime 2025/09/09 v3.48 KOMA-Script package (time of LaTeX run)
) (C:\Users\esper\AppData\Local\Programs\MiKTeX\tex/latex/caption\caption.sty
Package: caption 2023/08/05 v3.6o Customizing captions (AR)

(C:\Users\esper\AppData\Local\Programs\MiKTeX\tex/latex/caption\caption3.sty
Package: caption3 2023/07/31 v2.4d caption3 kernel (AR)
\caption@tempdima=\dimen169
\captionmargin=\dimen170
\caption@leftmargin=\dimen171
\caption@rightmargin=\dimen172
\caption@width=\dimen173
\caption@indent=\dimen174
\caption@parindent=\dimen175
\caption@hangindent=\dimen176
Package caption Info: Standard document class detected.
)
\c@caption@flags=\count293
\c@continuedfloat=\count294
)
(C:\Users\esper\AppData\Local\Programs\MiKTeX\tex/latex/hyperref\hyperref.sty
Package: hyperref 2025-07-12 v7.01o Hypertext links for LaTeX

(C:\Users\esper\AppData\Local\Programs\MiKTeX\tex/generic/kvdefinekeys\kvdefine
keys.sty
Package: kvdefinekeys 2019-12-19 v1.6 Define keys (HO)
)
(C:\Users\esper\AppData\Local\Programs\MiKTeX\tex/generic/pdfescape\pdfescape.s
ty
Package: pdfescape 2019/12/09 v1.15 Implements pdfTeX's escape features (HO)

(C:\Users\esper\AppData\Local\Programs\MiKTeX\tex/generic/pdftexcmds\pdftexcmds
.sty
Package: pdftexcmds 2020-06-27 v0.33 Utility functions of pdfTeX for LuaTeX (HO
)

(C:\Users\esper\AppData\Local\Programs\MiKTeX\tex/generic/infwarerr\infwarerr.s
ty
Package: infwarerr 2019/12/03 v1.5 Providing info/warning/error messages (HO)
)
Package pdftexcmds Info: \pdf@primitive is available.
Package pdftexcmds Info: \pdf@ifprimitive is available.
Package pdftexcmds Info: \pdfdraftmode found.
))
(C:\Users\esper\AppData\Local\Programs\MiKTeX\tex/latex/hycolor\hycolor.sty
Package: hycolor 2020-01-27 v1.10 Color options for hyperref/bookmark (HO)
)
(C:\Users\esper\AppData\Local\Programs\MiKTeX\tex/latex/hyperref\nameref.sty
Package: nameref 2025-06-21 v2.57 Cross-referencing by name of section

(C:\Users\esper\AppData\Local\Programs\MiKTeX\tex/latex/refcount\refcount.sty
Package: refcount 2019/12/15 v3.6 Data extraction from label references (HO)
)
(C:\Users\esper\AppData\Local\Programs\MiKTeX\tex/generic/gettitlestring\gettit
lestring.sty
Package: gettitlestring 2019/12/15 v1.6 Cleanup title references (HO)
)
\c@section@level=\count295
)
(C:\Users\esper\AppData\Local\Programs\MiKTeX\tex/generic/stringenc\stringenc.s
ty
Package: stringenc 2019/11/29 v1.12 Convert strings between diff. encodings (HO
)
)
\@linkdim=\dimen177
\Hy@linkcounter=\count296
\Hy@pagecounter=\count297
 (C:\Users\esper\AppData\Local\Programs\MiKTeX\tex/latex/hyperref\pd1enc.def
File: pd1enc.def 2025-07-12 v7.01o Hyperref: PDFDocEncoding definition (HO)
Now handling font encoding PD1 ...
... no UTF-8 mapping file for font encoding PD1
) (C:\Users\esper\AppData\Local\Programs\MiKTeX\tex/generic/intcalc\intcalc.sty
Package: intcalc 2019/12/15 v1.3 Expandable calculations with integers (HO)
)
\Hy@SavedSpaceFactor=\count298
 (C:\Users\esper\AppData\Local\Programs\MiKTeX\tex/latex/hyperref\puenc.def
File: puenc.def 2025-07-12 v7.01o Hyperref: PDF Unicode definition (HO)
Now handling font encoding PU ...
... no UTF-8 mapping file for font encoding PU
)
Package hyperref Info: Hyper figures OFF on input line 4195.
Package hyperref Info: Link nesting OFF on input line 4200.
Package hyperref Info: Hyper index ON on input line 4203.
Package hyperref Info: Plain pages OFF on input line 4210.
Package hyperref Info: Backreferencing OFF on input line 4215.
Package hyperref Info: Implicit mode ON; LaTeX internals redefined.
Package hyperref Info: Bookmarks ON on input line 4462.
\c@Hy@tempcnt=\count299

(C:\Users\esper\AppData\Local\Programs\MiKTeX\tex/latex/url\url.sty
\Urlmuskip=\muskip17
Package: url 2013/09/16  ver 3.4  Verb mode for urls, etc.
)
LaTeX Info: Redefining \url on input line 4801.
\XeTeXLinkMargin=\dimen178

(C:\Users\esper\AppData\Local\Programs\MiKTeX\tex/generic/bitset\bitset.sty
Package: bitset 2019/12/09 v1.3 Handle bit-vector datatype (HO)

(C:\Users\esper\AppData\Local\Programs\MiKTeX\tex/generic/bigintcalc\bigintcalc
.sty
Package: bigintcalc 2019/12/15 v1.5 Expandable calculations on big integers (HO
)
))
\Fld@menulength=\count300
\Field@Width=\dimen179
\Fld@charsize=\dimen180
Package hyperref Info: Hyper figures OFF on input line 6078.
Package hyperref Info: Link nesting OFF on input line 6083.
Package hyperref Info: Hyper index ON on input line 6086.
Package hyperref Info: backreferencing OFF on input line 6093.
Package hyperref Info: Link coloring OFF on input line 6098.
Package hyperref Info: Link coloring with OCG OFF on input line 6103.
Package hyperref Info: PDF/A mode OFF on input line 6108.
\Hy@abspage=\count301
\c@Item=\count302
\c@Hfootnote=\count303
)
Package hyperref Info: Driver (autodetected): hpdftex.

(C:\Users\esper\AppData\Local\Programs\MiKTeX\tex/latex/hyperref\hpdftex.def
File: hpdftex.def 2025-07-12 v7.01o Hyperref driver for pdfTeX
\Fld@listcount=\count304
\c@bookmark@seq@number=\count305

(C:\Users\esper\AppData\Local\Programs\MiKTeX\tex/latex/rerunfilecheck\rerunfil
echeck.sty
Package: rerunfilecheck 2025-06-21 v1.11 Rerun checks for auxiliary files (HO)

(C:\Users\esper\AppData\Local\Programs\MiKTeX\tex/generic/uniquecounter\uniquec
ounter.sty
Package: uniquecounter 2019/12/15 v1.4 Provide unlimited unique counter (HO)
)
Package uniquecounter Info: New unique counter `rerunfilecheck' on input line 2
84.
)
\Hy@SectionHShift=\skip95
)
Package hyperref Info: Option `colorlinks' set `true' on input line 732.
Package hyperref Info: Option `linktocpage' set `true' on input line 732.
Package hyperref Info: Option `breaklinks' set `true' on input line 732.
)
(C:\Users\esper\AppData\Local\Programs\MiKTeX\tex/latex/geometry\geometry.sty
Package: geometry 2020/01/02 v5.9 Page Geometry

(C:\Users\esper\AppData\Local\Programs\MiKTeX\tex/generic/iftex\ifvtex.sty
Package: ifvtex 2019/10/25 v1.7 ifvtex legacy package. Use iftex instead.
)
\Gm@cnth=\count306
\Gm@cntv=\count307
\c@Gm@tempcnt=\count308
\Gm@bindingoffset=\dimen181
\Gm@wd@mp=\dimen182
\Gm@odd@mp=\dimen183
\Gm@even@mp=\dimen184
\Gm@layoutwidth=\dimen185
\Gm@layoutheight=\dimen186
\Gm@layouthoffset=\dimen187
\Gm@layoutvoffset=\dimen188
\Gm@dimlist=\toks22

(C:\Users\esper\AppData\Local\Programs\MiKTeX\tex/latex/geometry\geometry.cfg))
(C:\Users\esper\AppData\Local\Programs\MiKTeX\tex/latex/base\inputenc.sty
Package: inputenc 2024/02/08 v1.3d Input encoding file
\inpenc@prehook=\toks23
\inpenc@posthook=\toks24
)
(C:\Users\esper\AppData\Local\Programs\MiKTeX\tex/latex/base\fontenc.sty
Package: fontenc 2024/12/21 v2.1c Standard LaTeX package
)
(C:\Users\esper\AppData\Local\Programs\MiKTeX\tex/latex/graphics\graphicx.sty
Package: graphicx 2024/12/31 v1.2e Enhanced LaTeX Graphics (DPC,SPQR)

(C:\Users\esper\AppData\Local\Programs\MiKTeX\tex/latex/graphics\graphics.sty
Package: graphics 2024/08/06 v1.4g Standard LaTeX Graphics (DPC,SPQR)

(C:\Users\esper\AppData\Local\Programs\MiKTeX\tex/latex/graphics\trig.sty
Package: trig 2023/12/02 v1.11 sin cos tan (DPC)
)
(C:\Users\esper\AppData\Local\Programs\MiKTeX\tex/latex/graphics-cfg\graphics.c
fg
File: graphics.cfg 2016/06/04 v1.11 sample graphics configuration
)
Package graphics Info: Driver file: pdftex.def on input line 106.
)
\Gin@req@height=\dimen189
\Gin@req@width=\dimen190
)
(C:\Users\esper\AppData\Local\Programs\MiKTeX\tex/latex/multirow\multirow.sty
Package: multirow 2024/11/12 v2.9 Span multiple rows of a table
\multirow@colwidth=\skip96
\multirow@cntb=\count309
\multirow@dima=\skip97
\bigstrutjot=\dimen191
)
(C:\Users\esper\AppData\Local\Programs\MiKTeX\tex/latex/amsfonts\amsfonts.sty
Package: amsfonts 2013/01/14 v3.01 Basic AMSFonts support
\@emptytoks=\toks25
\symAMSa=\mathgroup5
\symAMSb=\mathgroup6
LaTeX Font Info:    Redeclaring math symbol \hbar on input line 98.
LaTeX Font Info:    Overwriting math alphabet `\mathfrak' in version `bold'
(Font)                  U/euf/m/n --> U/euf/b/n on input line 106.
)
(C:\Users\esper\AppData\Local\Programs\MiKTeX\tex/latex/amsmath\amsmath.sty
Package: amsmath 2025/06/16 v2.17y AMS math features
\@mathmargin=\skip98

For additional information on amsmath, use the `?' option.
(C:\Users\esper\AppData\Local\Programs\MiKTeX\tex/latex/amsmath\amstext.sty
Package: amstext 2024/11/17 v2.01 AMS text

(C:\Users\esper\AppData\Local\Programs\MiKTeX\tex/latex/amsmath\amsgen.sty
File: amsgen.sty 1999/11/30 v2.0 generic functions
\@emptytoks=\toks26
\ex@=\dimen192
))
(C:\Users\esper\AppData\Local\Programs\MiKTeX\tex/latex/amsmath\amsbsy.sty
Package: amsbsy 1999/11/29 v1.2d Bold Symbols
\pmbraise@=\dimen193
)
(C:\Users\esper\AppData\Local\Programs\MiKTeX\tex/latex/amsmath\amsopn.sty
Package: amsopn 2022/04/08 v2.04 operator names
)
\inf@bad=\count310
LaTeX Info: Redefining \frac on input line 233.
\uproot@=\count311
\leftroot@=\count312
LaTeX Info: Redefining \overline on input line 398.
LaTeX Info: Redefining \colon on input line 409.
\classnum@=\count313
\DOTSCASE@=\count314
LaTeX Info: Redefining \ldots on input line 495.
LaTeX Info: Redefining \dots on input line 498.
LaTeX Info: Redefining \cdots on input line 619.
\Mathstrutbox@=\box55
\strutbox@=\box56
LaTeX Info: Redefining \big on input line 721.
LaTeX Info: Redefining \Big on input line 722.
LaTeX Info: Redefining \bigg on input line 723.
LaTeX Info: Redefining \Bigg on input line 724.
\big@size=\dimen194
LaTeX Font Info:    Redeclaring font encoding OML on input line 742.
LaTeX Font Info:    Redeclaring font encoding OMS on input line 743.
\macc@depth=\count315
LaTeX Info: Redefining \bmod on input line 904.
LaTeX Info: Redefining \pmod on input line 909.
LaTeX Info: Redefining \smash on input line 939.
LaTeX Info: Redefining \relbar on input line 969.
LaTeX Info: Redefining \Relbar on input line 970.
\c@MaxMatrixCols=\count316
\dotsspace@=\muskip18
\c@parentequation=\count317
\dspbrk@lvl=\count318
\tag@help=\toks27
\row@=\count319
\column@=\count320
\maxfields@=\count321
\andhelp@=\toks28
\eqnshift@=\dimen195
\alignsep@=\dimen196
\tagshift@=\dimen197
\tagwidth@=\dimen198
\totwidth@=\dimen199
\lineht@=\dimen256
\@envbody=\toks29
\multlinegap=\skip99
\multlinetaggap=\skip100
\mathdisplay@stack=\toks30
LaTeX Info: Redefining \[ on input line 2949.
LaTeX Info: Redefining \] on input line 2950.
)
(C:\Users\esper\AppData\Local\Programs\MiKTeX\tex/latex/units\nicefrac.sty
Package: nicefrac 1998/08/04 v0.9b Nice fractions
\L@UnitsRaiseDisplaystyle=\skip101
\L@UnitsRaiseTextstyle=\skip102
\L@UnitsRaiseScriptstyle=\skip103
)
Package hyperref Info: Option `colorlinks' set `true' on input line 17.

(C:\Users\esper\AppData\Local\Programs\MiKTeX\tex/latex/placeins\placeins.sty
Package: placeins 2005/04/18  v 2.2
)
   defining Unicode char U+202F (decimal 8239)

(C:\Users\esper\AppData\Local\Programs\MiKTeX\tex/latex/apacite\apacite.sty
Package: apacite 2013/07/21 v6.03 APA citation
\c@BibCnt=\count322
\bibleftmargin=\skip104
\bibindent=\skip105
\bibparsep=\skip106
\bibitemsep=\skip107
\biblabelsep=\skip108
)
(C:\Users\esper\AppData\Local\Programs\MiKTeX\tex/latex/natbib\natbib.sty
Package: natbib 2010/09/13 8.31b (PWD, AO)
\bibhang=\skip109
\bibsep=\skip110
LaTeX Info: Redefining \cite on input line 694.
\c@NAT@ctr=\count323
)
LaTeX Info: Redefining \BBA on input line 58.

(C:\Users\esper\AppData\Local\Programs\MiKTeX\tex/latex/l3backend\l3backend-pdf
tex.def
File: l3backend-pdftex.def 2025-06-09 L3 backend support: PDF output (pdfTeX)
\l__color_backend_stack_int=\count324
) (main.aux

LaTeX Warning: Label `sec:introduction' multiply defined.


LaTeX Warning: Label `sec:introduction' multiply defined.


LaTeX Warning: Label `sec:introduction' multiply defined.


LaTeX Warning: Label `fig:monthly_rmse_train_test' multiply defined.

)
\openout1 = `main.aux'.

LaTeX Font Info:    Checking defaults for OML/cmm/m/it on input line 63.
LaTeX Font Info:    ... okay on input line 63.
LaTeX Font Info:    Checking defaults for OMS/cmsy/m/n on input line 63.
LaTeX Font Info:    ... okay on input line 63.
LaTeX Font Info:    Checking defaults for OT1/cmr/m/n on input line 63.
LaTeX Font Info:    ... okay on input line 63.
LaTeX Font Info:    Checking defaults for T1/cmr/m/n on input line 63.
LaTeX Font Info:    ... okay on input line 63.
LaTeX Font Info:    Checking defaults for TS1/cmr/m/n on input line 63.
LaTeX Font Info:    ... okay on input line 63.
LaTeX Font Info:    Checking defaults for OMX/cmex/m/n on input line 63.
LaTeX Font Info:    ... okay on input line 63.
LaTeX Font Info:    Checking defaults for U/cmr/m/n on input line 63.
LaTeX Font Info:    ... okay on input line 63.
LaTeX Font Info:    Checking defaults for PD1/pdf/m/n on input line 63.
LaTeX Font Info:    ... okay on input line 63.
LaTeX Font Info:    Checking defaults for PU/pdf/m/n on input line 63.
LaTeX Font Info:    ... okay on input line 63.

(C:\Users\esper\AppData\Local\Programs\MiKTeX\tex/context/base/mkii\supp-pdf.mk
ii
[Loading MPS to PDF converter (version 2006.09.02).]
\scratchcounter=\count325
\scratchdimen=\dimen257
\scratchbox=\box57
\nofMPsegments=\count326
\nofMParguments=\count327
\everyMPshowfont=\toks31
\MPscratchCnt=\count328
\MPscratchDim=\dimen258
\MPnumerator=\count329
\makeMPintoPDFobject=\count330
\everyMPtoPDFconversion=\toks32
)
(C:\Users\esper\AppData\Local\Programs\MiKTeX\tex/latex/epstopdf-pkg\epstopdf-b
ase.sty
Package: epstopdf-base 2020-01-24 v2.11 Base part for package epstopdf

(C:\Users\esper\AppData\Local\Programs\MiKTeX\tex/latex/grfext\grfext.sty
Package: grfext 2019/12/03 v1.3 Manage graphics extensions (HO)
)
Package epstopdf-base Info: Redefining graphics rule for `.eps' on input line 4
85.
Package grfext Info: Graphics extension search list:
(grfext)             [.pdf,.png,.jpg,.mps,.jpeg,.jbig2,.jb2,.PDF,.PNG,.JPG,.JPE
G,.JBIG2,.JB2,.eps]
(grfext)             \AppendGraphicsExtensions on input line 504.

(C:\Users\esper\AppData\Local\Programs\MiKTeX\tex/latex/00miktex\epstopdf-sys.c
fg
File: epstopdf-sys.cfg 2021/03/18 v2.0 Configuration of epstopdf for MiKTeX
))
LaTeX Info: Redefining \microtypecontext on input line 63.
Package microtype Info: Applying patch `item' on input line 63.
Package microtype Info: Applying patch `toc' on input line 63.
Package microtype Info: Applying patch `eqnum' on input line 63.
Package microtype Info: Applying patch `footnote' on input line 63.
Package microtype Info: Applying patch `verbatim' on input line 63.
LaTeX Info: Redefining \microtypesetup on input line 63.
Package microtype Info: Generating PDF output.
Package microtype Info: Character protrusion enabled (level 2).
Package microtype Info: Using default protrusion set `alltext'.
Package microtype Info: Automatic font expansion enabled (level 2),
(microtype)             stretch: 20, shrink: 20, step: 1, non-selected.
Package microtype Info: Using default expansion set `alltext-nott'.
Package microtype Info: Patching command `\showhyphens'.
Package microtype Info: No adjustment of tracking.
Package microtype Info: No adjustment of interword spacing.
Package microtype Info: No adjustment of character kerning.

(C:\Users\esper\AppData\Local\Programs\MiKTeX\tex/latex/microtype\mt-ppl.cfg
File: mt-ppl.cfg 2005/11/16 v1.6 microtype config. file: Palatino (RS)
)
Package caption Info: Begin \AtBeginDocument code.
Package caption Info: hyperref package is loaded.
Package caption Info: End \AtBeginDocument code.
Package hyperref Info: Link coloring ON on input line 63.

(main.out) (main.out)
\@outlinefile=\write3
\openout3 = `main.out'.


*geometry* driver: auto-detecting
*geometry* detected driver: pdftex
*geometry* verbose mode - [ preamble ] result:
* driver: pdftex
* paper: a4paper
* layout: <same size as paper>
* layoutoffset:(h,v)=(0.0pt,0.0pt)
* modes: 
* h-part:(L,W,R)=(119.50157pt, 358.50473pt, 119.50157pt)
* v-part:(T,H,B)=(119.50157pt, 606.0437pt, 119.50157pt)
* \paperwidth=597.50787pt
* \paperheight=845.04684pt
* \textwidth=358.50473pt
* \textheight=606.0437pt
* \oddsidemargin=47.23158pt
* \evensidemargin=47.23158pt
* \topmargin=9.86153pt
* \headheight=15.95pt
* \headsep=21.42006pt
* \topskip=11.0pt
* \footskip=49.98015pt
* \marginparwidth=76.65019pt
* \marginparsep=21.90005pt
* \columnsep=10.0pt
* \skip\footins=10.0pt plus 4.0pt minus 2.0pt
* \hoffset=0.0pt
* \voffset=0.0pt
* \mag=1000
* \@twocolumnfalse
* \@twosidefalse
* \@mparswitchfalse
* \@reversemarginfalse
* (1in=72.27pt=25.4mm, 1cm=28.453pt)

\c@maskedRefs=\count331
(C:\Users\esper\AppData\Local\Programs\MiKTeX\tex/latex/apacite\english.apc
File: english.apc 2013/07/21 v6.03 apacite language file
LaTeX Info: Redefining \BPBI on input line 129.
LaTeX Info: Redefining \BHBI on input line 130.
)
(frontmatter.tex
*geometry* verbose mode - [ newgeometry ] result:
* driver: pdftex
* paper: a4paper
* layout: <same size as paper>
* layoutoffset:(h,v)=(0.0pt,0.0pt)
* modes: 
* h-part:(L,W,R)=(85.35826pt, 426.79135pt, 85.35826pt)
* v-part:(T,H,B)=(85.35826pt, 674.33032pt, 85.35826pt)
* \paperwidth=597.50787pt
* \paperheight=845.04684pt
* \textwidth=426.79135pt
* \textheight=674.33032pt
* \oddsidemargin=13.08827pt
* \evensidemargin=13.08827pt
* \topmargin=-24.28178pt
* \headheight=15.95pt
* \headsep=21.42006pt
* \topskip=11.0pt
* \footskip=49.98015pt
* \marginparwidth=76.65019pt
* \marginparsep=21.90005pt
* \columnsep=10.0pt
* \skip\footins=10.0pt plus 4.0pt minus 2.0pt
* \hoffset=0.0pt
* \voffset=0.0pt
* \mag=1000
* \@twocolumnfalse
* \@twosidefalse
* \@mparswitchfalse
* \@reversemarginfalse
* (1in=72.27pt=25.4mm, 1cm=28.453pt)

Package epstopdf Info: Source file: <logo.eps>
(epstopdf)                    date: 2025-11-14 21:37:35
(epstopdf)                    size: 1093622 bytes
(epstopdf)             Output file: <logo-eps-converted-to.pdf>
(epstopdf)                    date: 2025-11-14 21:42:00
(epstopdf)                    size: 51216 bytes
(epstopdf)             Command: <miktex-epstopdf --outfile=logo-eps-converted-t
o.pdf logo.eps>
(epstopdf)             \includegraphics on input line 8.
Package epstopdf Info: Output file is already uptodate.
<logo-eps-converted-to.pdf, id=91, 339.2675pt x 86.3225pt>
File: logo-eps-converted-to.pdf Graphic file (type pdf)
<use logo-eps-converted-to.pdf>
Package pdftex.def Info: logo-eps-converted-to.pdf  used on input line 8.
(pdftex.def)             Requested size: 169.63333pt x 43.16113pt.
LaTeX Font Info:    Trying to load font information for OT1+pplx on input line 
10.

(C:\Users\esper\AppData\Local\Programs\MiKTeX\tex/latex/psnfss\ot1pplx.fd
File: ot1pplx.fd 2004/09/06 font definitions for OT1/pplx.
)
LaTeX Font Info:    Trying to load font information for OML+zplm on input line 
10.

(C:\Users\esper\AppData\Local\Programs\MiKTeX\tex/latex/psnfss\omlzplm.fd
File: omlzplm.fd 2002/09/08 Fontinst v1.914 font definitions for OML/zplm.
)
LaTeX Font Info:    Trying to load font information for OMS+zplm on input line 
10.

(C:\Users\esper\AppData\Local\Programs\MiKTeX\tex/latex/psnfss\omszplm.fd
File: omszplm.fd 2002/09/08 Fontinst v1.914 font definitions for OMS/zplm.
)
LaTeX Font Info:    Trying to load font information for OMX+zplm on input line 
10.

(C:\Users\esper\AppData\Local\Programs\MiKTeX\tex/latex/psnfss\omxzplm.fd
File: omxzplm.fd 2002/09/08 Fontinst v1.914 font definitions for OMX/zplm.
)
LaTeX Font Info:    Trying to load font information for OT1+zplm on input line 
10.

(C:\Users\esper\AppData\Local\Programs\MiKTeX\tex/latex/psnfss\ot1zplm.fd
File: ot1zplm.fd 2002/09/08 Fontinst v1.914 font definitions for OT1/zplm.
)
Package microtype Info: Loading generic protrusion settings for font family
(microtype)             `zplm' (encoding: OT1).
(microtype)             For optimal results, create family-specific settings.
(microtype)             See the microtype manual for details.
LaTeX Font Info:    Font shape `U/msa/m/n' will be
(Font)              scaled to size 21.61124pt on input line 10.

(C:\Users\esper\AppData\Local\Programs\MiKTeX\tex/latex/microtype\mt-msa.cfg
File: mt-msa.cfg 2006/02/04 v1.1 microtype config. file: AMS symbols (a) (RS)
)
LaTeX Font Info:    Font shape `U/msa/m/n' will be
(Font)              scaled to size 15.0049pt on input line 10.
LaTeX Font Info:    Font shape `U/msa/m/n' will be
(Font)              scaled to size 12.50409pt on input line 10.
LaTeX Font Info:    Font shape `U/msb/m/n' will be
(Font)              scaled to size 21.61124pt on input line 10.

(C:\Users\esper\AppData\Local\Programs\MiKTeX\tex/latex/microtype\mt-msb.cfg
File: mt-msb.cfg 2005/06/01 v1.0 microtype config. file: AMS symbols (b) (RS)
)
LaTeX Font Info:    Font shape `U/msb/m/n' will be
(Font)              scaled to size 15.0049pt on input line 10.
LaTeX Font Info:    Font shape `U/msb/m/n' will be
(Font)              scaled to size 12.50409pt on input line 10.
LaTeX Font Info:    Font shape `U/msa/m/n' will be
(Font)              scaled to size 10.42007pt on input line 11.
LaTeX Font Info:    Font shape `U/msa/m/n' will be
(Font)              scaled to size 8.33606pt on input line 11.
LaTeX Font Info:    Font shape `U/msb/m/n' will be
(Font)              scaled to size 10.42007pt on input line 11.
LaTeX Font Info:    Font shape `U/msb/m/n' will be
(Font)              scaled to size 8.33606pt on input line 11.
LaTeX Font Info:    Font shape `U/msa/m/n' will be
(Font)              scaled to size 11.40997pt on input line 12.
LaTeX Font Info:    Font shape `U/msa/m/n' will be
(Font)              scaled to size 6.25204pt on input line 12.
LaTeX Font Info:    Font shape `U/msb/m/n' will be
(Font)              scaled to size 11.40997pt on input line 12.
LaTeX Font Info:    Font shape `U/msb/m/n' will be
(Font)              scaled to size 6.25204pt on input line 12.


[1


{C:/Users/esper/AppData/Local/MiKTeX/fonts/map/pdftex/pdftex.map}{C:/Users/espe
r/AppData/Local/Programs/MiKTeX/fonts/enc/dvips/base/8r.enc} <./logo-eps-conver
ted-to.pdf>]
Overfull \hbox (11.92833pt too wide) in paragraph at lines 39--47
[][] 
 []



LaTeX Font Info:    Font shape `U/msa/m/n' will be
(Font)              scaled to size 7.91925pt on input line 48.
LaTeX Font Info:    Font shape `U/msb/m/n' will be
(Font)              scaled to size 7.91925pt on input line 48.

pdfTeX warning (ext4): destination with the same identifier (name{page.}) has b
een already used, duplicate ignored
<to be read again> 
                   \relax 
l.48 \newpage
              \pagenumbering{arabic} [2

])
LaTeX Font Info:    Font shape `U/msa/m/n' will be
(Font)              scaled to size 18.00587pt on input line 64.
LaTeX Font Info:    Font shape `U/msb/m/n' will be
(Font)              scaled to size 18.00587pt on input line 64.
LaTeX Font Info:    Font shape `U/msa/m/n' will be
(Font)              scaled to size 9.37807pt on input line 64.
LaTeX Font Info:    Font shape `U/msa/m/n' will be
(Font)              scaled to size 7.29405pt on input line 64.
LaTeX Font Info:    Font shape `U/msb/m/n' will be
(Font)              scaled to size 9.37807pt on input line 64.
LaTeX Font Info:    Font shape `U/msb/m/n' will be
(Font)              scaled to size 7.29405pt on input line 64.
Package microtype Info: Character `029' is missing
(microtype)             in font `T1/pplj/m/sc/10.95'.
(microtype)             Ignoring protrusion settings for this character.


[1]

Package microtype Info: Character `029' is missing
(microtype)             in font `T1/pplj/m/sc/10'.
(microtype)             Ignoring protrusion settings for this character.
[2]

[3]

[4]

[5]

[6]

[7]

[8]
<figures/workflow.jpg, id=245, 566.86781pt x 821.31844pt>
File: figures/workflow.jpg Graphic file (type jpg)
<use figures/workflow.jpg>
Package pdftex.def Info: figures/workflow.jpg  used on input line 197.
(pdftex.def)             Requested size: 340.57838pt x 493.4716pt.


[9]

[10]

[11 <./figures/workflow.jpg>]
LaTeX Font Info:    Font shape `U/msa/m/n' will be
(Font)              scaled to size 5.21004pt on input line 205.
LaTeX Font Info:    Font shape `U/msb/m/n' will be
(Font)              scaled to size 5.21004pt on input line 205.
LaTeX Font Info:    Trying to load font information for T1+fvm on input line 20
5.

(C:\Users\esper\AppData\Local\Programs\MiKTeX\tex/latex/bera\t1fvm.fd
File: t1fvm.fd 2004/09/07 scalable font definitions for T1/fvm.
)
LaTeX Font Info:    Font shape `T1/fvm/m/n' will be
(Font)              scaled to size 7.65005pt on input line 205.
Package microtype Info: Loading generic protrusion settings for font family
(microtype)             `fvm' (encoding: T1).
(microtype)             For optimal results, create family-specific settings.
(microtype)             See the microtype manual for details.


[12

]
<figures/target_distribution.png, id=274, 859.2903pt x 354.123pt>
File: figures/target_distribution.png Graphic file (type png)
<use figures/target_distribution.png>
Package pdftex.def Info: figures/target_distribution.png  used on input line 23
1.
(pdftex.def)             Requested size: 340.57838pt x 140.35524pt.


[13]
LaTeX Font Info:    Font shape `T1/fvm/m/n' will be
(Font)              scaled to size 9.30756pt on input line 255.

Underfull \hbox (badness 3815) in paragraph at lines 259--260
[]\T1/fvm/m/n/10.95 Year\T1/pplj/m/n/10.95 (+20) , \T1/fvm/m/n/10.95 Month\T1/p
plj/m/n/10.95 (+20) , \T1/fvm/m/n/10.95 Quarter\T1/pplj/m/n/10.95 (+20) , \T1/f
vm/m/n/10.95 DaysInMonth\T1/pplj/m/n/10.95 (+20) ; Fourier terms:
 []


Underfull \hbox (badness 10000) in paragraph at lines 263--264
[]\T1/fvm/m/n/10.95 HospRisk_lag1\T1/pplj/m/n/10.95 (+20) , \T1/fvm/m/n/10.95 H
ospRisk_lag3\T1/pplj/m/n/10.95 (+20) , \T1/fvm/m/n/10.95 HospRisk_lag6\T1/pplj/
m/n/10.95 (+20) ,
 []


Underfull \hbox (badness 10000) in paragraph at lines 263--264
\T1/fvm/m/n/10.95 HospRisk_lag12\T1/pplj/m/n/10.95 (+20) ; \T1/fvm/m/n/10.95 Am
pRisk_lag1\T1/pplj/m/n/10.95 (+20) , \T1/fvm/m/n/10.95 AmpRisk_lag3\T1/pplj/m/n
/10.95 (+20) ,
 []


Overfull \hbox (63.83385pt too wide) in paragraph at lines 249--279
 [][] 
 []



[14 <./figures/target_distribution.png>]

[15]
Overfull \hbox (59.63799pt too wide) in paragraph at lines 300--322
 [][] 
 []



[16]
Overfull \hbox (59.63799pt too wide) in paragraph at lines 344--366
 [][] 
 []

<figures/monthly_RMSE_train_test.png, id=298, 557.2017pt x 268.1217pt>
File: figures/monthly_RMSE_train_test.png Graphic file (type png)
<use figures/monthly_RMSE_train_test.png>
Package pdftex.def Info: figures/monthly_RMSE_train_test.png  used on input lin
e 373.
(pdftex.def)             Requested size: 340.57838pt x 163.88538pt.
<figures/weekly_RMSE_train_test.png, id=299, 548.5293pt x 268.1217pt>
File: figures/weekly_RMSE_train_test.png Graphic file (type png)
<use figures/weekly_RMSE_train_test.png>
Package pdftex.def Info: figures/weekly_RMSE_train_test.png  used on input line
 381.
(pdftex.def)             Requested size: 340.57838pt x 166.48329pt.


[17]

[18 <./figures/monthly_RMSE_train_test.png> <./figures/weekly_RMSE_train_test.p
ng>] (main.bbl
LaTeX Font Info:    Font shape `T1/fvm/m/n' will be
(Font)              scaled to size 6.80005pt on input line 73.
LaTeX Font Info:    Font shape `T1/fvm/m/n' will be
(Font)              scaled to size 5.10004pt on input line 73.


[19]
Underfull \hbox (badness 10000) in paragraph at lines 442--458
\T1/fvm/m/n/10.95 en / publications / forecasting [] -principles [] -and [] -pr
actice [] -2 /$[][]
 []



[20]

[21]

[22])

[23] (main.aux)
 ***********
LaTeX2e <2025-06-01> patch level 1
L3 programming layer <2025-09-02>
 ***********


LaTeX Warning: There were multiply-defined labels.

Package rerunfilecheck Info: File `main.out' has not changed.
(rerunfilecheck)             Checksum: 18AABC7E2EBA6DE3AF282EC4A61CE55B;3978.
 ) 
Here is how much of TeX's memory you used:
 19459 strings out of 468130
 342380 string characters out of 5430633
 839447 words of memory out of 5000000
 47052 multiletter control sequences out of 15000+600000
 794175 words of font info for 619 fonts, out of 8000000 for 9000
 1141 hyphenation exceptions out of 8191
 123i,23n,121p,1300b,690s stack positions out of 10000i,1000n,20000p,200000b,200000s
<C:/Users/esper/AppData/Local/Programs/MiKTeX/fonts/type1/public/amsfonts/cm/
cmr10.pfb><C:/Users/esper/AppData/Local/Programs/MiKTeX/fonts/type1/public/amsf
onts/cm/cmsy10.pfb><C:/Users/esper/AppData/Local/Programs/MiKTeX/fonts/type1/pu
blic/fpl/fplbj8a.pfb><C:/Users/esper/AppData/Local/Programs/MiKTeX/fonts/type1/
public/mathpazo/fplmr.pfb><C:/Users/esper/AppData/Local/Programs/MiKTeX/fonts/t
ype1/public/fpl/fplrc8a.pfb><C:/Users/esper/AppData/Local/Programs/MiKTeX/fonts
/type1/public/fpl/fplrij8a.pfb><C:/Users/esper/AppData/Local/Programs/MiKTeX/fo
nts/type1/bera/fvmr8a.pfb><C:/Users/esper/AppData/Local/Programs/MiKTeX/fonts/t
ype1/urw/palatino/uplb8a.pfb><C:/Users/esper/AppData/Local/Programs/MiKTeX/font
s/type1/urw/palatino/uplr8a.pfb><C:/Users/esper/AppData/Local/Programs/MiKTeX/f
onts/type1/urw/palatino/uplri8a.pfb>
Output written on main.pdf (25 pages, 539391 bytes).
PDF statistics:
 452 PDF objects out of 1000 (max. 8388607)
 85 named destinations out of 1000 (max. 500000)
 174282 words of extra memory for PDF output out of 184870 (max. 10000000)

